<?xml version="1.0" encoding="UTF-8" ?>
<testsuite failures="1" time="0" errors="0" skipped="0" tests="1" name="com.WebQ.action.TestActionTest">
  <properties>
    <property name="http.agent" value="Sonar Maven/3.1.1"/>
    <property name="ROOT_LOGGER_LEVEL" value="INFO"/>
    <property name="java.runtime.name" value="Java(TM) SE Runtime Environment"/>
    <property name="sun.boot.library.path" value="c:\Program Files\Java\jdk1.7.0_07\jre\bin"/>
    <property name="java.vm.version" value="23.3-b01"/>
    <property name="java.vm.vendor" value="Oracle Corporation"/>
    <property name="java.vendor.url" value="http://java.oracle.com/"/>
    <property name="path.separator" value=";"/>
    <property name="guice.disable.misplaced.annotation.check" value="true"/>
    <property name="java.vm.name" value="Java HotSpot(TM) 64-Bit Server VM"/>
    <property name="file.encoding.pkg" value="sun.io"/>
    <property name="user.script" value=""/>
    <property name="user.country" value="US"/>
    <property name="sun.java.launcher" value="SUN_STANDARD"/>
    <property name="sun.os.patch.level" value="Service Pack 1"/>
    <property name="java.vm.specification.name" value="Java Virtual Machine Specification"/>
    <property name="user.dir" value="c:\ASEP project\WebQuiz"/>
    <property name="java.runtime.version" value="1.7.0_07-b11"/>
    <property name="java.awt.graphicsenv" value="sun.awt.Win32GraphicsEnvironment"/>
    <property name="java.endorsed.dirs" value="c:\Program Files\Java\jdk1.7.0_07\jre\lib\endorsed"/>
    <property name="os.arch" value="amd64"/>
    <property name="java.io.tmpdir" value="C:\Users\arpit\AppData\Local\Temp\"/>
    <property name="line.separator" value="
"/>
    <property name="java.vm.specification.vendor" value="Oracle Corporation"/>
    <property name="user.variant" value=""/>
    <property name="os.name" value="Windows 7"/>
    <property name="classworlds.conf" value="c:/Program Files/apache-maven-3.1.1/bin/m2.conf"/>
    <property name="sun.jnu.encoding" value="Cp1252"/>
    <property name="java.library.path" value="c:\Program Files\Java\jdk1.7.0_07\bin;C:\Windows\Sun\Java\bin;C:\Windows\system32;C:\Windows;c:\cygwin\arpit\bin;.;C:\Program Files (x86)\Git\local\bin;C:\Program Files (x86)\Git\mingw\bin;C:\Program Files (x86)\Git\bin;c:\Program Files (x86)\EasyPHP-DevServer-13.1VC9\binaries\php\php_runningversion;c:\Program Files\Common Files\Microsoft Shared\Windows Live;c:\Program Files (x86)\Common Files\Microsoft Shared\Windows Live;c:\Program Files (x86)\Intel\iCLS Client\;c:\Program Files\Intel\iCLS Client\;c:\Program Files (x86)\NVIDIA Corporation\PhysX\Common;c:\Windows\system32;c:\Windows;c:\Windows\System32\Wbem;c:\Windows\System32\WindowsPowerShell\v1.0\;c:\Program Files (x86)\Intel\OpenCL SDK\2.0\bin\x86;c:\Program Files (x86)\Intel\OpenCL SDK\2.0\bin\x64;c:\Program Files\Intel\Intel(R) Management Engine Components\DAL;c:\Program Files\Intel\Intel(R) Management Engine Components\IPT;c:\Program Files (x86)\Intel\Intel(R) Management Engine Components\DAL;c:\Program Files (x86)\Intel\Intel(R) Management Engine Components\IPT;c:\Program Files\Lenovo\Bluetooth Software\;c:\Program Files\Lenovo\Bluetooth Software\syswow64;c:\Program Files\Intel\WiFi\bin\;c:\Program Files\Common Files\Intel\WirelessCommon\;c:\Program Files (x86)\Windows Live\Shared;c:\Program Files (x86)\Internet Explorer;c:\Program Files\Java\jre7\bin;c:\Program Files (x86)\Common Files\Ulead Systems\MPEG;c:\Program Files (x86)\Private Shell;c:\Program Files (x86)\QuickTime\QTSystem\;c:\Program Files\Microsoft SQL Server\110\Tools\Binn\;c:\Users\arpit\AppData\Local\Smartbar\Application\;c:\Program Files\Perforce;c:\Program Files\apache-maven-3.1.1\bin;c:\Program Files\Java\jdk1.7.0_07\bin;c:\Program Files\Perforce\Server;."/>
    <property name="java.specification.name" value="Java Platform API Specification"/>
    <property name="java.class.version" value="51.0"/>
    <property name="sun.management.compiler" value="HotSpot 64-Bit Tiered Compilers"/>
    <property name="os.version" value="6.1"/>
    <property name="user.home" value="C:\Users\arpit"/>
    <property name="user.timezone" value="America/Chicago"/>
    <property name="java.awt.printerjob" value="sun.awt.windows.WPrinterJob"/>
    <property name="java.specification.version" value="1.7"/>
    <property name="file.encoding" value="Cp1252"/>
    <property name="user.name" value="arpit"/>
    <property name="java.class.path" value="c:/Program Files/apache-maven-3.1.1/boot/plexus-classworlds-2.5.1.jar"/>
    <property name="org.slf4j.simpleLogger.defaultLogLevel" value="info"/>
    <property name="java.vm.specification.version" value="1.7"/>
    <property name="sun.arch.data.model" value="64"/>
    <property name="java.home" value="c:\Program Files\Java\jdk1.7.0_07\jre"/>
    <property name="sun.java.command" value="org.codehaus.plexus.classworlds.launcher.Launcher sonar:sonar"/>
    <property name="java.specification.vendor" value="Oracle Corporation"/>
    <property name="user.language" value="en"/>
    <property name="awt.toolkit" value="sun.awt.windows.WToolkit"/>
    <property name="java.vm.info" value="mixed mode"/>
    <property name="java.version" value="1.7.0_07"/>
    <property name="java.ext.dirs" value="c:\Program Files\Java\jdk1.7.0_07\jre\lib\ext;C:\Windows\Sun\Java\lib\ext"/>
    <property name="sun.boot.class.path" value="c:\Program Files\Java\jdk1.7.0_07\jre\lib\resources.jar;c:\Program Files\Java\jdk1.7.0_07\jre\lib\rt.jar;c:\Program Files\Java\jdk1.7.0_07\jre\lib\sunrsasign.jar;c:\Program Files\Java\jdk1.7.0_07\jre\lib\jsse.jar;c:\Program Files\Java\jdk1.7.0_07\jre\lib\jce.jar;c:\Program Files\Java\jdk1.7.0_07\jre\lib\charsets.jar;c:\Program Files\Java\jdk1.7.0_07\jre\lib\jfr.jar;c:\Program Files\Java\jdk1.7.0_07\jre\classes"/>
    <property name="java.vendor" value="Oracle Corporation"/>
    <property name="maven.home" value="c:\Program Files\apache-maven-3.1.1"/>
    <property name="file.separator" value="\"/>
    <property name="java.vendor.url.bug" value="http://bugreport.sun.com/bugreport/"/>
    <property name="sun.cpu.endian" value="little"/>
    <property name="sun.io.unicode.encoding" value="UnicodeLittle"/>
    <property name="sun.desktop" value="windows"/>
    <property name="sun.cpu.isalist" value="amd64"/>
  </properties>
  <testcase time="0" classname="junit.framework.TestSuite$1" name="warning">
    <failure message="No tests found in com.WebQ.action.TestActionTest" type="junit.framework.AssertionFailedError">junit.framework.AssertionFailedError: No tests found in com.WebQ.action.TestActionTest
	at junit.framework.Assert.fail(Assert.java:47)
	at junit.framework.TestSuite$1.runTest(TestSuite.java:263)
	at junit.framework.TestCase.runBare(TestCase.java:127)
	at junit.framework.TestResult$1.protect(TestResult.java:106)
	at junit.framework.TestResult.runProtected(TestResult.java:124)
	at junit.framework.TestResult.run(TestResult.java:109)
	at junit.framework.TestCase.run(TestCase.java:118)
	at junit.framework.TestSuite.runTest(TestSuite.java:208)
	at junit.framework.TestSuite.run(TestSuite.java:203)
	at sun.reflect.NativeMethodAccessorImpl.invoke0(Native Method)
	at sun.reflect.NativeMethodAccessorImpl.invoke(NativeMethodAccessorImpl.java:57)
	at sun.reflect.DelegatingMethodAccessorImpl.invoke(DelegatingMethodAccessorImpl.java:43)
	at java.lang.reflect.Method.invoke(Method.java:601)
	at org.apache.maven.surefire.junit.JUnitTestSet.execute(JUnitTestSet.java:95)
	at org.apache.maven.surefire.junit.JUnit3Provider.executeTestSet(JUnit3Provider.java:121)
	at org.apache.maven.surefire.junit.JUnit3Provider.invoke(JUnit3Provider.java:98)
	at sun.reflect.NativeMethodAccessorImpl.invoke0(Native Method)
	at sun.reflect.NativeMethodAccessorImpl.invoke(NativeMethodAccessorImpl.java:57)
	at sun.reflect.DelegatingMethodAccessorImpl.invoke(DelegatingMethodAccessorImpl.java:43)
	at java.lang.reflect.Method.invoke(Method.java:601)
	at org.apache.maven.surefire.util.ReflectionUtils.invokeMethodWithArray(ReflectionUtils.java:189)
	at org.apache.maven.surefire.booter.ProviderFactory$ProviderProxy.invoke(ProviderFactory.java:165)
	at org.apache.maven.surefire.booter.ProviderFactory.invokeProvider(ProviderFactory.java:85)
	at org.apache.maven.surefire.booter.ForkedBooter.runSuitesInProcess(ForkedBooter.java:115)
	at org.apache.maven.surefire.booter.ForkedBooter.main(ForkedBooter.java:75)
</failure>
  </testcase>
</testsuite>